2020-08-17 17:32:06,120 - root - INFO - <module>(): Module start #############################################################################################
2020-08-17 17:32:06,129 - urllib3.connectionpool - DEBUG - _new_conn(): Starting new HTTP connection (1): 3.125.157.247:8080
2020-08-17 17:32:06,294 - urllib3.connectionpool - DEBUG - _make_request(): http://3.125.157.247:8080 "GET /SEMP/v2/config/about HTTP/1.1" 200 None
2020-08-17 17:32:06,296 - root - DEBUG - log_http_roundtrip(): 
{
  "request": {
    "method": "GET",
    "url": "http://3.125.157.247:8080/SEMP/v2/config/about",
    "headers": {
      "User-Agent": "python-requests/2.24.0",
      "Accept-Encoding": "gzip, deflate",
      "Accept": "*/*",
      "Connection": "keep-alive",
      "x-broker-name": "",
      "Authorization": "Basic YWRtaW46YWRtaW4="
    },
    "body": "{}"
  },
  "response": {
    "status_code": 200,
    "reason": "OK",
    "url": "http://3.125.157.247:8080/SEMP/v2/config/about",
    "headers": {
      "Date": "Mon, 17 Aug 2020 15:32:06 GMT",
      "Content-Type": "application/json",
      "Transfer-Encoding": "chunked",
      "Connection": "keep-alive",
      "Server": "Solace_VMR/9.6.0.27",
      "Access-Control-Allow-Credentials": "true",
      "Access-Control-Allow-Headers": "Authorization, Content-Type, X-Requested-With",
      "Access-Control-Allow-Methods": "GET, POST, PUT, PATCH, DELETE, OPTIONS",
      "Strict-Transport-Security": "max-age=31536000",
      "Cache-Control": "no-store",
      "Content-Encoding": "gzip"
    },
    "body": {
      "data": {},
      "links": {
        "uri": "http://3.125.157.247:8080/SEMP/v2/config/about",
        "userUri": "http://3.125.157.247:8080/SEMP/v2/config/about/user"
      },
      "meta": {
        "request": {
          "method": "GET",
          "uri": "http://3.125.157.247:8080/SEMP/v2/config/about"
        },
        "responseCode": 200
      }
    }
  }
}
2020-08-17 17:32:07,003 - root - INFO - <module>(): Module start #############################################################################################
2020-08-17 17:32:07,012 - urllib3.connectionpool - DEBUG - _new_conn(): Starting new HTTP connection (1): 3.125.157.247:8080
2020-08-17 17:32:07,172 - urllib3.connectionpool - DEBUG - _make_request(): http://3.125.157.247:8080 "GET /SEMP/v2/config/msgVpns/aly_vpn/clientProfiles/aly_ansible_cp HTTP/1.1" 400 None
2020-08-17 17:32:07,174 - root - DEBUG - log_http_roundtrip(): 
{
  "request": {
    "method": "GET",
    "url": "http://3.125.157.247:8080/SEMP/v2/config/msgVpns/aly_vpn/clientProfiles/aly_ansible_cp",
    "headers": {
      "User-Agent": "python-requests/2.24.0",
      "Accept-Encoding": "gzip, deflate",
      "Accept": "*/*",
      "Connection": "keep-alive",
      "x-broker-name": "",
      "Authorization": "Basic YWRtaW46YWRtaW4="
    },
    "body": "{}"
  },
  "response": {
    "status_code": 400,
    "reason": "Bad Request",
    "url": "http://3.125.157.247:8080/SEMP/v2/config/msgVpns/aly_vpn/clientProfiles/aly_ansible_cp",
    "headers": {
      "Date": "Mon, 17 Aug 2020 15:32:07 GMT",
      "Content-Type": "application/json",
      "Transfer-Encoding": "chunked",
      "Connection": "keep-alive",
      "Server": "Solace_VMR/9.6.0.27",
      "Access-Control-Allow-Credentials": "true",
      "Access-Control-Allow-Headers": "Authorization, Content-Type, X-Requested-With",
      "Access-Control-Allow-Methods": "GET, POST, PUT, PATCH, DELETE, OPTIONS",
      "Strict-Transport-Security": "max-age=31536000",
      "Cache-Control": "no-store"
    },
    "body": {
      "meta": {
        "error": {
          "code": 6,
          "description": "Could not find match for clientProfiles aly_ansible_cp",
          "status": "NOT_FOUND"
        },
        "request": {
          "method": "GET",
          "uri": "http://3.125.157.247:8080/SEMP/v2/config/msgVpns/aly_vpn/clientProfiles/aly_ansible_cp"
        },
        "responseCode": 400
      }
    }
  }
}
2020-08-17 17:32:07,176 - urllib3.connectionpool - DEBUG - _new_conn(): Starting new HTTP connection (1): 3.125.157.247:8080
2020-08-17 17:32:07,375 - urllib3.connectionpool - DEBUG - _make_request(): http://3.125.157.247:8080 "POST /SEMP/v2/config/msgVpns/aly_vpn/clientProfiles HTTP/1.1" 200 None
2020-08-17 17:32:07,377 - root - DEBUG - log_http_roundtrip(): 
{
  "request": {
    "method": "POST",
    "url": "http://3.125.157.247:8080/SEMP/v2/config/msgVpns/aly_vpn/clientProfiles",
    "headers": {
      "User-Agent": "python-requests/2.24.0",
      "Accept-Encoding": "gzip, deflate",
      "Accept": "*/*",
      "Connection": "keep-alive",
      "x-broker-name": "",
      "Content-Length": "290",
      "Content-Type": "application/json",
      "Authorization": "Basic YWRtaW46YWRtaW4="
    },
    "body": {
      "allowTransactedSessionsEnabled": false,
      "allowBridgeConnectionsEnabled": false,
      "allowGuaranteedEndpointCreateEnabled": false,
      "allowSharedSubscriptionsEnabled": false,
      "allowGuaranteedMsgSendEnabled": true,
      "allowGuaranteedMsgReceiveEnabled": true,
      "clientProfileName": "aly_ansible_cp"
    }
  },
  "response": {
    "status_code": 200,
    "reason": "OK",
    "url": "http://3.125.157.247:8080/SEMP/v2/config/msgVpns/aly_vpn/clientProfiles",
    "headers": {
      "Date": "Mon, 17 Aug 2020 15:32:07 GMT",
      "Content-Type": "application/json",
      "Transfer-Encoding": "chunked",
      "Connection": "keep-alive",
      "Server": "Solace_VMR/9.6.0.27",
      "Access-Control-Allow-Credentials": "true",
      "Access-Control-Allow-Headers": "Authorization, Content-Type, X-Requested-With",
      "Access-Control-Allow-Methods": "GET, POST, PUT, PATCH, DELETE, OPTIONS",
      "Strict-Transport-Security": "max-age=31536000",
      "Cache-Control": "no-store",
      "Content-Encoding": "gzip"
    },
    "body": {
      "data": {
        "allowBridgeConnectionsEnabled": false,
        "allowCutThroughForwardingEnabled": false,
        "allowGuaranteedEndpointCreateDurability": "all",
        "allowGuaranteedEndpointCreateEnabled": false,
        "allowGuaranteedMsgReceiveEnabled": true,
        "allowGuaranteedMsgSendEnabled": true,
        "allowSharedSubscriptionsEnabled": false,
        "allowTransactedSessionsEnabled": false,
        "apiQueueManagementCopyFromOnCreateName": "",
        "apiQueueManagementCopyFromOnCreateTemplateName": "",
        "apiTopicEndpointManagementCopyFromOnCreateName": "",
        "apiTopicEndpointManagementCopyFromOnCreateTemplateName": "",
        "clientProfileName": "aly_ansible_cp",
        "compressionEnabled": true,
        "elidingDelay": 0,
        "elidingEnabled": false,
        "elidingMaxTopicCount": 256,
        "eventClientProvisionedEndpointSpoolUsageThreshold": {
          "clearPercent": 60,
          "setPercent": 80
        },
        "eventConnectionCountPerClientUsernameThreshold": {
          "clearPercent": 60,
          "setPercent": 80
        },
        "eventEgressFlowCountThreshold": {
          "clearPercent": 60,
          "setPercent": 80
        },
        "eventEndpointCountPerClientUsernameThreshold": {
          "clearPercent": 60,
          "setPercent": 80
        },
        "eventIngressFlowCountThreshold": {
          "clearPercent": 60,
          "setPercent": 80
        },
        "eventServiceSmfConnectionCountPerClientUsernameThreshold": {
          "clearPercent": 60,
          "setPercent": 80
        },
        "eventServiceWebConnectionCountPerClientUsernameThreshold": {
          "clearPercent": 60,
          "setPercent": 80
        },
        "eventSubscriptionCountThreshold": {
          "clearPercent": 60,
          "setPercent": 80
        },
        "eventTransactedSessionCountThreshold": {
          "clearPercent": 60,
          "setPercent": 80
        },
        "eventTransactionCountThreshold": {
          "clearPercent": 60,
          "setPercent": 80
        },
        "maxConnectionCountPerClientUsername": 100,
        "maxEgressFlowCount": 1000,
        "maxEndpointCountPerClientUsername": 1000,
        "maxIngressFlowCount": 1000,
        "maxSubscriptionCount": 50000,
        "maxTransactedSessionCount": 10,
        "maxTransactionCount": 5000,
        "msgVpnName": "aly_vpn",
        "queueControl1MaxDepth": 20000,
        "queueControl1MinMsgBurst": 4,
        "queueDirect1MaxDepth": 20000,
        "queueDirect1MinMsgBurst": 4,
        "queueDirect2MaxDepth": 20000,
        "queueDirect2MinMsgBurst": 4,
        "queueDirect3MaxDepth": 20000,
        "queueDirect3MinMsgBurst": 4,
        "queueGuaranteed1MaxDepth": 20000,
        "queueGuaranteed1MinMsgBurst": 255,
        "rejectMsgToSenderOnNoSubscriptionMatchEnabled": false,
        "replicationAllowClientConnectWhenStandbyEnabled": false,
        "serviceSmfMaxConnectionCountPerClientUsername": 100,
        "serviceWebInactiveTimeout": 30,
        "serviceWebMaxConnectionCountPerClientUsername": 100,
        "serviceWebMaxPayload": 1000000,
        "tcpCongestionWindowSize": 2,
        "tcpKeepaliveCount": 5,
        "tcpKeepaliveIdleTime": 3,
        "tcpKeepaliveInterval": 1,
        "tcpMaxSegmentSize": 1460,
        "tcpMaxWindowSize": 256,
        "tlsAllowDowngradeToPlainTextEnabled": true
      },
      "links": {
        "uri": "http://3.125.157.247:8080/SEMP/v2/config/msgVpns/aly_vpn/clientProfiles/aly_ansible_cp"
      },
      "meta": {
        "request": {
          "method": "POST",
          "uri": "http://3.125.157.247:8080/SEMP/v2/config/msgVpns/aly_vpn/clientProfiles"
        },
        "responseCode": 200
      }
    }
  }
}
